<?xml version="1.0" encoding="UTF-8"?>
<testsuite name="test_request_access_code_tests.MyTestCase-20210521180114" tests="2" file="test_request_access_code_tests.py" time="0.015" timestamp="2021-05-21T18:01:15" failures="0" errors="0" skipped="0">
	<testcase classname="test_request_access_code_tests.MyTestCase" name="test_invalid_days_character" time="0.002" timestamp="2021-05-21T18:01:15"/>
	<testcase classname="test_request_access_code_tests.MyTestCase" name="test_parametrized_cases_tests" time="0.013" timestamp="2021-05-21T18:01:15"/>
</testsuite>
