<?xml version="1.0" encoding="UTF-8"?>
<testsuite name="test_revoke_key_tests.TestRevokeKeys-20210521180114" tests="7" file="test_revoke_key_tests.py" time="0.013" timestamp="2021-05-21T18:01:15" failures="0" errors="0" skipped="0">
	<testcase classname="test_revoke_key_tests.TestRevokeKeys" name="test_rev_badjson" time="0.002" timestamp="2021-05-21T18:01:15"/>
	<testcase classname="test_revoke_key_tests.TestRevokeKeys" name="test_rev_double_key" time="0.001" timestamp="2021-05-21T18:01:15"/>
	<testcase classname="test_revoke_key_tests.TestRevokeKeys" name="test_rev_no_reason" time="0.002" timestamp="2021-05-21T18:01:15"/>
	<testcase classname="test_revoke_key_tests.TestRevokeKeys" name="test_rev_no_revocation" time="0.002" timestamp="2021-05-21T18:01:15"/>
	<testcase classname="test_revoke_key_tests.TestRevokeKeys" name="test_rev_ok" time="0.004" timestamp="2021-05-21T18:01:15"/>
	<testcase classname="test_revoke_key_tests.TestRevokeKeys" name="test_revoke_long_key" time="0.002" timestamp="2021-05-21T18:01:15"/>
	<testcase classname="test_revoke_key_tests.TestRevokeKeys" name="test_revoke_no_key" time="0.001" timestamp="2021-05-21T18:01:15"/>
</testsuite>
